<?xml version="1.0" encoding="UTF-8"?>
<!-- Generated by org.testng.reporters.JUnitXMLReporter -->
<testsuite ignored="1" hostname="DESKTOP-6UC1S1L" failures="0" tests="1" name="Default test" time="0.032" errors="0" timestamp="2020-10-18T11:15:08 EDT">
  <testcase classname="learnMaven.MavenJava.SeleniumTest" name="elements" time="0.005"/>
  <testcase classname="learnMaven.MavenJava.SeleniumTest" name="browserAutamationTest" time="0.0">
    <ignored/>
  </testcase> <!-- browserAutamationTest -->
</testsuite> <!-- Default test -->
