<?xml version="1.0" encoding="UTF-8"?>
<testng-results ignored="1" total="2" passed="1" failed="0" skipped="0">
  <reporter-output>
  </reporter-output>
  <suite started-at="2020-10-18T11:15:08 EDT" name="Default suite" finished-at="2020-10-18T11:15:08 EDT" duration-ms="32">
    <groups>
    </groups>
    <test started-at="2020-10-18T11:15:08 EDT" name="Default test" finished-at="2020-10-18T11:15:08 EDT" duration-ms="32">
      <class name="learnMaven.MavenJava.SeleniumTest">
        <test-method signature="elements()[pri:0, instance:learnMaven.MavenJava.SeleniumTest@ec756bd]" started-at="2020-10-18T11:15:08 EDT" name="elements" finished-at="2020-10-18T11:15:08 EDT" duration-ms="5" status="PASS">
          <reporter-output>
          </reporter-output>
        </test-method> <!-- elements -->
      </class> <!-- learnMaven.MavenJava.SeleniumTest -->
    </test> <!-- Default test -->
  </suite> <!-- Default suite -->
</testng-results>
